<?xml version="1.0" encoding="UTF-8"?><testsuite errors="0" failures="0" name="com.petstore.storeinfo.UserCRUDTest" skipped="0" tests="4" time="3.25" timestamp="2023-01-10T20:46:21.382Z[Europe/London]"><testcase classname="com.petstore.storeinfo.UserCRUDTest" name="This method will create  a user"/><testcase classname="com.petstore.storeinfo.UserCRUDTest" name="This method will verify that user is created"/><testcase classname="com.petstore.storeinfo.UserCRUDTest" name="This method will update a user and verify that user is created"/><testcase classname="com.petstore.storeinfo.UserCRUDTest" name="This method will delete user"/></testsuite>